The system is: Darwin - 15.6.0 - x86_64
Compiling the C compiler identification source file "CMakeCCompilerId.c" succeeded.
Compiler: /Applications/Xcode.app/Contents/Developer/Toolchains/XcodeDefault.xctoolchain/usr/bin/cc 
Build flags: 
Id flags: 

The output was:
0


Compilation of the C compiler identification source "CMakeCCompilerId.c" produced "a.out"

The C compiler identification is AppleClang, found in "/Users/wakatsuki/GoogleDrive/othello/build/CMakeFiles/3.6.2/CompilerIdC/a.out"

Compiling the CXX compiler identification source file "CMakeCXXCompilerId.cpp" succeeded.
Compiler: /Applications/Xcode.app/Contents/Developer/Toolchains/XcodeDefault.xctoolchain/usr/bin/c++ 
Build flags: 
Id flags: 

The output was:
0


Compilation of the CXX compiler identification source "CMakeCXXCompilerId.cpp" produced "a.out"

The CXX compiler identification is AppleClang, found in "/Users/wakatsuki/GoogleDrive/othello/build/CMakeFiles/3.6.2/CompilerIdCXX/a.out"

Determining if the C compiler works passed with the following output:
Change Dir: /Users/wakatsuki/GoogleDrive/othello/build/CMakeFiles/CMakeTmp

Run Build Command:"/usr/bin/make" "cmTC_416f6/fast"
/Applications/Xcode.app/Contents/Developer/usr/bin/make -f CMakeFiles/cmTC_416f6.dir/build.make CMakeFiles/cmTC_416f6.dir/build
Building C object CMakeFiles/cmTC_416f6.dir/testCCompiler.c.o
/Applications/Xcode.app/Contents/Developer/Toolchains/XcodeDefault.xctoolchain/usr/bin/cc     -o CMakeFiles/cmTC_416f6.dir/testCCompiler.c.o   -c /Users/wakatsuki/GoogleDrive/othello/build/CMakeFiles/CMakeTmp/testCCompiler.c
Linking C executable cmTC_416f6
/usr/local/Cellar/cmake/3.6.2/bin/cmake -E cmake_link_script CMakeFiles/cmTC_416f6.dir/link.txt --verbose=1
/Applications/Xcode.app/Contents/Developer/Toolchains/XcodeDefault.xctoolchain/usr/bin/cc    -Wl,-search_paths_first -Wl,-headerpad_max_install_names   CMakeFiles/cmTC_416f6.dir/testCCompiler.c.o  -o cmTC_416f6  


Detecting C compiler ABI info compiled with the following output:
Change Dir: /Users/wakatsuki/GoogleDrive/othello/build/CMakeFiles/CMakeTmp

Run Build Command:"/usr/bin/make" "cmTC_4e24a/fast"
/Applications/Xcode.app/Contents/Developer/usr/bin/make -f CMakeFiles/cmTC_4e24a.dir/build.make CMakeFiles/cmTC_4e24a.dir/build
Building C object CMakeFiles/cmTC_4e24a.dir/CMakeCCompilerABI.c.o
/Applications/Xcode.app/Contents/Developer/Toolchains/XcodeDefault.xctoolchain/usr/bin/cc     -o CMakeFiles/cmTC_4e24a.dir/CMakeCCompilerABI.c.o   -c /usr/local/Cellar/cmake/3.6.2/share/cmake/Modules/CMakeCCompilerABI.c
Linking C executable cmTC_4e24a
/usr/local/Cellar/cmake/3.6.2/bin/cmake -E cmake_link_script CMakeFiles/cmTC_4e24a.dir/link.txt --verbose=1
/Applications/Xcode.app/Contents/Developer/Toolchains/XcodeDefault.xctoolchain/usr/bin/cc    -Wl,-search_paths_first -Wl,-headerpad_max_install_names  -v -Wl,-v CMakeFiles/cmTC_4e24a.dir/CMakeCCompilerABI.c.o  -o cmTC_4e24a   
Apple LLVM version 8.0.0 (clang-800.0.38)
Target: x86_64-apple-darwin15.6.0
Thread model: posix
InstalledDir: /Applications/Xcode.app/Contents/Developer/Toolchains/XcodeDefault.xctoolchain/usr/bin
 "/Applications/Xcode.app/Contents/Developer/Toolchains/XcodeDefault.xctoolchain/usr/bin/ld" -demangle -dynamic -arch x86_64 -macosx_version_min 10.11.0 -o cmTC_4e24a -search_paths_first -headerpad_max_install_names -v CMakeFiles/cmTC_4e24a.dir/CMakeCCompilerABI.c.o -L/opt/intel//compilers_and_libraries_2016.3.170/mac/ipp/lib -L/opt/intel//compilers_and_libraries_2016.3.170/mac/compiler/lib -L/opt/intel//compilers_and_libraries_2016.3.170/mac/mkl/lib -L/opt/intel//compilers_and_libraries_2016.3.170/mac/tbb/lib -L/opt/intel//compilers_and_libraries_2016.3.170/mac/daal/lib -L/opt/intel//compilers_and_libraries_2016.3.170/mac/daal/../tbb/lib -L/opt/intel//compilers_and_libraries_2016.3.170/mac/daal/../compiler/lib -lSystem /Applications/Xcode.app/Contents/Developer/Toolchains/XcodeDefault.xctoolchain/usr/bin/../lib/clang/8.0.0/lib/darwin/libclang_rt.osx.a
@(#)PROGRAM:ld  PROJECT:ld64-274.1
configured to support archs: armv6 armv7 armv7s arm64 i386 x86_64 x86_64h armv6m armv7k armv7m armv7em (tvOS)
Library search paths:
	/opt/intel//compilers_and_libraries_2016.3.170/mac/ipp/lib
	/opt/intel//compilers_and_libraries_2016.3.170/mac/compiler/lib
	/opt/intel//compilers_and_libraries_2016.3.170/mac/mkl/lib
	/opt/intel//compilers_and_libraries_2016.3.170/mac/tbb/lib
	/opt/intel//compilers_and_libraries_2016.3.170/mac/daal/lib
	/opt/intel/compilers_and_libraries_2016.3.170/mac/tbb/lib
	/opt/intel/compilers_and_libraries_2016.3.170/mac/compiler/lib
	/usr/lib
	/usr/local/lib
Framework search paths:
	/Library/Frameworks/
	/System/Library/Frameworks/


Parsed C implicit link information from above output:
  link line regex: [^( *|.*[/\])(ld|([^/\]+-)?ld|collect2)[^/\]*( |$)]
  ignore line: [Change Dir: /Users/wakatsuki/GoogleDrive/othello/build/CMakeFiles/CMakeTmp]
  ignore line: []
  ignore line: [Run Build Command:"/usr/bin/make" "cmTC_4e24a/fast"]
  ignore line: [/Applications/Xcode.app/Contents/Developer/usr/bin/make -f CMakeFiles/cmTC_4e24a.dir/build.make CMakeFiles/cmTC_4e24a.dir/build]
  ignore line: [Building C object CMakeFiles/cmTC_4e24a.dir/CMakeCCompilerABI.c.o]
  ignore line: [/Applications/Xcode.app/Contents/Developer/Toolchains/XcodeDefault.xctoolchain/usr/bin/cc     -o CMakeFiles/cmTC_4e24a.dir/CMakeCCompilerABI.c.o   -c /usr/local/Cellar/cmake/3.6.2/share/cmake/Modules/CMakeCCompilerABI.c]
  ignore line: [Linking C executable cmTC_4e24a]
  ignore line: [/usr/local/Cellar/cmake/3.6.2/bin/cmake -E cmake_link_script CMakeFiles/cmTC_4e24a.dir/link.txt --verbose=1]
  ignore line: [/Applications/Xcode.app/Contents/Developer/Toolchains/XcodeDefault.xctoolchain/usr/bin/cc    -Wl,-search_paths_first -Wl,-headerpad_max_install_names  -v -Wl,-v CMakeFiles/cmTC_4e24a.dir/CMakeCCompilerABI.c.o  -o cmTC_4e24a   ]
  ignore line: [Apple LLVM version 8.0.0 (clang-800.0.38)]
  ignore line: [Target: x86_64-apple-darwin15.6.0]
  ignore line: [Thread model: posix]
  ignore line: [InstalledDir: /Applications/Xcode.app/Contents/Developer/Toolchains/XcodeDefault.xctoolchain/usr/bin]
  link line: [ "/Applications/Xcode.app/Contents/Developer/Toolchains/XcodeDefault.xctoolchain/usr/bin/ld" -demangle -dynamic -arch x86_64 -macosx_version_min 10.11.0 -o cmTC_4e24a -search_paths_first -headerpad_max_install_names -v CMakeFiles/cmTC_4e24a.dir/CMakeCCompilerABI.c.o -L/opt/intel//compilers_and_libraries_2016.3.170/mac/ipp/lib -L/opt/intel//compilers_and_libraries_2016.3.170/mac/compiler/lib -L/opt/intel//compilers_and_libraries_2016.3.170/mac/mkl/lib -L/opt/intel//compilers_and_libraries_2016.3.170/mac/tbb/lib -L/opt/intel//compilers_and_libraries_2016.3.170/mac/daal/lib -L/opt/intel//compilers_and_libraries_2016.3.170/mac/daal/../tbb/lib -L/opt/intel//compilers_and_libraries_2016.3.170/mac/daal/../compiler/lib -lSystem /Applications/Xcode.app/Contents/Developer/Toolchains/XcodeDefault.xctoolchain/usr/bin/../lib/clang/8.0.0/lib/darwin/libclang_rt.osx.a]
    arg [/Applications/Xcode.app/Contents/Developer/Toolchains/XcodeDefault.xctoolchain/usr/bin/ld] ==> ignore
    arg [-demangle] ==> ignore
    arg [-dynamic] ==> ignore
    arg [-arch] ==> ignore
    arg [x86_64] ==> ignore
    arg [-macosx_version_min] ==> ignore
    arg [10.11.0] ==> ignore
    arg [-o] ==> ignore
    arg [cmTC_4e24a] ==> ignore
    arg [-search_paths_first] ==> ignore
    arg [-headerpad_max_install_names] ==> ignore
    arg [-v] ==> ignore
    arg [CMakeFiles/cmTC_4e24a.dir/CMakeCCompilerABI.c.o] ==> ignore
    arg [-L/opt/intel//compilers_and_libraries_2016.3.170/mac/ipp/lib] ==> dir [/opt/intel//compilers_and_libraries_2016.3.170/mac/ipp/lib]
    arg [-L/opt/intel//compilers_and_libraries_2016.3.170/mac/compiler/lib] ==> dir [/opt/intel//compilers_and_libraries_2016.3.170/mac/compiler/lib]
    arg [-L/opt/intel//compilers_and_libraries_2016.3.170/mac/mkl/lib] ==> dir [/opt/intel//compilers_and_libraries_2016.3.170/mac/mkl/lib]
    arg [-L/opt/intel//compilers_and_libraries_2016.3.170/mac/tbb/lib] ==> dir [/opt/intel//compilers_and_libraries_2016.3.170/mac/tbb/lib]
    arg [-L/opt/intel//compilers_and_libraries_2016.3.170/mac/daal/lib] ==> dir [/opt/intel//compilers_and_libraries_2016.3.170/mac/daal/lib]
    arg [-L/opt/intel//compilers_and_libraries_2016.3.170/mac/daal/../tbb/lib] ==> dir [/opt/intel//compilers_and_libraries_2016.3.170/mac/daal/../tbb/lib]
    arg [-L/opt/intel//compilers_and_libraries_2016.3.170/mac/daal/../compiler/lib] ==> dir [/opt/intel//compilers_and_libraries_2016.3.170/mac/daal/../compiler/lib]
    arg [-lSystem] ==> lib [System]
    arg [/Applications/Xcode.app/Contents/Developer/Toolchains/XcodeDefault.xctoolchain/usr/bin/../lib/clang/8.0.0/lib/darwin/libclang_rt.osx.a] ==> lib [/Applications/Xcode.app/Contents/Developer/Toolchains/XcodeDefault.xctoolchain/usr/bin/../lib/clang/8.0.0/lib/darwin/libclang_rt.osx.a]
  Library search paths: [;/opt/intel//compilers_and_libraries_2016.3.170/mac/ipp/lib;/opt/intel//compilers_and_libraries_2016.3.170/mac/compiler/lib;/opt/intel//compilers_and_libraries_2016.3.170/mac/mkl/lib;/opt/intel//compilers_and_libraries_2016.3.170/mac/tbb/lib;/opt/intel//compilers_and_libraries_2016.3.170/mac/daal/lib;/opt/intel/compilers_and_libraries_2016.3.170/mac/tbb/lib;/opt/intel/compilers_and_libraries_2016.3.170/mac/compiler/lib;/usr/lib;/usr/local/lib]
  Framework search paths: [;/Library/Frameworks/;/System/Library/Frameworks/]
  remove lib [System]
  collapse lib [/Applications/Xcode.app/Contents/Developer/Toolchains/XcodeDefault.xctoolchain/usr/bin/../lib/clang/8.0.0/lib/darwin/libclang_rt.osx.a] ==> [/Applications/Xcode.app/Contents/Developer/Toolchains/XcodeDefault.xctoolchain/usr/lib/clang/8.0.0/lib/darwin/libclang_rt.osx.a]
  collapse library dir [/opt/intel//compilers_and_libraries_2016.3.170/mac/ipp/lib] ==> [/opt/intel/compilers_and_libraries_2016.3.170/mac/ipp/lib]
  collapse library dir [/opt/intel//compilers_and_libraries_2016.3.170/mac/compiler/lib] ==> [/opt/intel/compilers_and_libraries_2016.3.170/mac/compiler/lib]
  collapse library dir [/opt/intel//compilers_and_libraries_2016.3.170/mac/mkl/lib] ==> [/opt/intel/compilers_and_libraries_2016.3.170/mac/mkl/lib]
  collapse library dir [/opt/intel//compilers_and_libraries_2016.3.170/mac/tbb/lib] ==> [/opt/intel/compilers_and_libraries_2016.3.170/mac/tbb/lib]
  collapse library dir [/opt/intel//compilers_and_libraries_2016.3.170/mac/daal/lib] ==> [/opt/intel/compilers_and_libraries_2016.3.170/mac/daal/lib]
  collapse library dir [/opt/intel//compilers_and_libraries_2016.3.170/mac/daal/../tbb/lib] ==> [/opt/intel/compilers_and_libraries_2016.3.170/mac/tbb/lib]
  collapse library dir [/opt/intel//compilers_and_libraries_2016.3.170/mac/daal/../compiler/lib] ==> [/opt/intel/compilers_and_libraries_2016.3.170/mac/compiler/lib]
  collapse library dir [/opt/intel//compilers_and_libraries_2016.3.170/mac/ipp/lib] ==> [/opt/intel/compilers_and_libraries_2016.3.170/mac/ipp/lib]
  collapse library dir [/opt/intel//compilers_and_libraries_2016.3.170/mac/compiler/lib] ==> [/opt/intel/compilers_and_libraries_2016.3.170/mac/compiler/lib]
  collapse library dir [/opt/intel//compilers_and_libraries_2016.3.170/mac/mkl/lib] ==> [/opt/intel/compilers_and_libraries_2016.3.170/mac/mkl/lib]
  collapse library dir [/opt/intel//compilers_and_libraries_2016.3.170/mac/tbb/lib] ==> [/opt/intel/compilers_and_libraries_2016.3.170/mac/tbb/lib]
  collapse library dir [/opt/intel//compilers_and_libraries_2016.3.170/mac/daal/lib] ==> [/opt/intel/compilers_and_libraries_2016.3.170/mac/daal/lib]
  collapse library dir [/opt/intel/compilers_and_libraries_2016.3.170/mac/tbb/lib] ==> [/opt/intel/compilers_and_libraries_2016.3.170/mac/tbb/lib]
  collapse library dir [/opt/intel/compilers_and_libraries_2016.3.170/mac/compiler/lib] ==> [/opt/intel/compilers_and_libraries_2016.3.170/mac/compiler/lib]
  collapse library dir [/usr/lib] ==> [/usr/lib]
  collapse library dir [/usr/local/lib] ==> [/usr/local/lib]
  collapse framework dir [/Library/Frameworks/] ==> [/Library/Frameworks]
  collapse framework dir [/System/Library/Frameworks/] ==> [/System/Library/Frameworks]
  implicit libs: [/Applications/Xcode.app/Contents/Developer/Toolchains/XcodeDefault.xctoolchain/usr/lib/clang/8.0.0/lib/darwin/libclang_rt.osx.a]
  implicit dirs: [/opt/intel/compilers_and_libraries_2016.3.170/mac/ipp/lib;/opt/intel/compilers_and_libraries_2016.3.170/mac/compiler/lib;/opt/intel/compilers_and_libraries_2016.3.170/mac/mkl/lib;/opt/intel/compilers_and_libraries_2016.3.170/mac/tbb/lib;/opt/intel/compilers_and_libraries_2016.3.170/mac/daal/lib;/usr/lib;/usr/local/lib]
  implicit fwks: [/Library/Frameworks;/System/Library/Frameworks]




Detecting C [-std=c11] compiler features compiled with the following output:
Change Dir: /Users/wakatsuki/GoogleDrive/othello/build/CMakeFiles/CMakeTmp

Run Build Command:"/usr/bin/make" "cmTC_d180b/fast"
/Applications/Xcode.app/Contents/Developer/usr/bin/make -f CMakeFiles/cmTC_d180b.dir/build.make CMakeFiles/cmTC_d180b.dir/build
Building C object CMakeFiles/cmTC_d180b.dir/feature_tests.c.o
/Applications/Xcode.app/Contents/Developer/Toolchains/XcodeDefault.xctoolchain/usr/bin/cc    -std=c11 -o CMakeFiles/cmTC_d180b.dir/feature_tests.c.o   -c /Users/wakatsuki/GoogleDrive/othello/build/CMakeFiles/feature_tests.c
Linking C executable cmTC_d180b
/usr/local/Cellar/cmake/3.6.2/bin/cmake -E cmake_link_script CMakeFiles/cmTC_d180b.dir/link.txt --verbose=1
/Applications/Xcode.app/Contents/Developer/Toolchains/XcodeDefault.xctoolchain/usr/bin/cc    -Wl,-search_paths_first -Wl,-headerpad_max_install_names   CMakeFiles/cmTC_d180b.dir/feature_tests.c.o  -o cmTC_d180b  


    Feature record: C_FEATURE:1c_function_prototypes
    Feature record: C_FEATURE:1c_restrict
    Feature record: C_FEATURE:1c_static_assert
    Feature record: C_FEATURE:1c_variadic_macros


Detecting C [-std=c99] compiler features compiled with the following output:
Change Dir: /Users/wakatsuki/GoogleDrive/othello/build/CMakeFiles/CMakeTmp

Run Build Command:"/usr/bin/make" "cmTC_e9f24/fast"
/Applications/Xcode.app/Contents/Developer/usr/bin/make -f CMakeFiles/cmTC_e9f24.dir/build.make CMakeFiles/cmTC_e9f24.dir/build
Building C object CMakeFiles/cmTC_e9f24.dir/feature_tests.c.o
/Applications/Xcode.app/Contents/Developer/Toolchains/XcodeDefault.xctoolchain/usr/bin/cc    -std=c99 -o CMakeFiles/cmTC_e9f24.dir/feature_tests.c.o   -c /Users/wakatsuki/GoogleDrive/othello/build/CMakeFiles/feature_tests.c
Linking C executable cmTC_e9f24
/usr/local/Cellar/cmake/3.6.2/bin/cmake -E cmake_link_script CMakeFiles/cmTC_e9f24.dir/link.txt --verbose=1
/Applications/Xcode.app/Contents/Developer/Toolchains/XcodeDefault.xctoolchain/usr/bin/cc    -Wl,-search_paths_first -Wl,-headerpad_max_install_names   CMakeFiles/cmTC_e9f24.dir/feature_tests.c.o  -o cmTC_e9f24  


    Feature record: C_FEATURE:1c_function_prototypes
    Feature record: C_FEATURE:1c_restrict
    Feature record: C_FEATURE:0c_static_assert
    Feature record: C_FEATURE:1c_variadic_macros


Detecting C [-std=c90] compiler features compiled with the following output:
Change Dir: /Users/wakatsuki/GoogleDrive/othello/build/CMakeFiles/CMakeTmp

Run Build Command:"/usr/bin/make" "cmTC_19288/fast"
/Applications/Xcode.app/Contents/Developer/usr/bin/make -f CMakeFiles/cmTC_19288.dir/build.make CMakeFiles/cmTC_19288.dir/build
Building C object CMakeFiles/cmTC_19288.dir/feature_tests.c.o
/Applications/Xcode.app/Contents/Developer/Toolchains/XcodeDefault.xctoolchain/usr/bin/cc    -std=c90 -o CMakeFiles/cmTC_19288.dir/feature_tests.c.o   -c /Users/wakatsuki/GoogleDrive/othello/build/CMakeFiles/feature_tests.c
Linking C executable cmTC_19288
/usr/local/Cellar/cmake/3.6.2/bin/cmake -E cmake_link_script CMakeFiles/cmTC_19288.dir/link.txt --verbose=1
/Applications/Xcode.app/Contents/Developer/Toolchains/XcodeDefault.xctoolchain/usr/bin/cc    -Wl,-search_paths_first -Wl,-headerpad_max_install_names   CMakeFiles/cmTC_19288.dir/feature_tests.c.o  -o cmTC_19288  


    Feature record: C_FEATURE:1c_function_prototypes
    Feature record: C_FEATURE:0c_restrict
    Feature record: C_FEATURE:0c_static_assert
    Feature record: C_FEATURE:0c_variadic_macros
Determining if the CXX compiler works passed with the following output:
Change Dir: /Users/wakatsuki/GoogleDrive/othello/build/CMakeFiles/CMakeTmp

Run Build Command:"/usr/bin/make" "cmTC_b664d/fast"
/Applications/Xcode.app/Contents/Developer/usr/bin/make -f CMakeFiles/cmTC_b664d.dir/build.make CMakeFiles/cmTC_b664d.dir/build
Building CXX object CMakeFiles/cmTC_b664d.dir/testCXXCompiler.cxx.o
/Applications/Xcode.app/Contents/Developer/Toolchains/XcodeDefault.xctoolchain/usr/bin/c++      -o CMakeFiles/cmTC_b664d.dir/testCXXCompiler.cxx.o -c /Users/wakatsuki/GoogleDrive/othello/build/CMakeFiles/CMakeTmp/testCXXCompiler.cxx
Linking CXX executable cmTC_b664d
/usr/local/Cellar/cmake/3.6.2/bin/cmake -E cmake_link_script CMakeFiles/cmTC_b664d.dir/link.txt --verbose=1
/Applications/Xcode.app/Contents/Developer/Toolchains/XcodeDefault.xctoolchain/usr/bin/c++     -Wl,-search_paths_first -Wl,-headerpad_max_install_names   CMakeFiles/cmTC_b664d.dir/testCXXCompiler.cxx.o  -o cmTC_b664d  


Detecting CXX compiler ABI info compiled with the following output:
Change Dir: /Users/wakatsuki/GoogleDrive/othello/build/CMakeFiles/CMakeTmp

Run Build Command:"/usr/bin/make" "cmTC_844a8/fast"
/Applications/Xcode.app/Contents/Developer/usr/bin/make -f CMakeFiles/cmTC_844a8.dir/build.make CMakeFiles/cmTC_844a8.dir/build
Building CXX object CMakeFiles/cmTC_844a8.dir/CMakeCXXCompilerABI.cpp.o
/Applications/Xcode.app/Contents/Developer/Toolchains/XcodeDefault.xctoolchain/usr/bin/c++      -o CMakeFiles/cmTC_844a8.dir/CMakeCXXCompilerABI.cpp.o -c /usr/local/Cellar/cmake/3.6.2/share/cmake/Modules/CMakeCXXCompilerABI.cpp
Linking CXX executable cmTC_844a8
/usr/local/Cellar/cmake/3.6.2/bin/cmake -E cmake_link_script CMakeFiles/cmTC_844a8.dir/link.txt --verbose=1
/Applications/Xcode.app/Contents/Developer/Toolchains/XcodeDefault.xctoolchain/usr/bin/c++     -Wl,-search_paths_first -Wl,-headerpad_max_install_names  -v -Wl,-v CMakeFiles/cmTC_844a8.dir/CMakeCXXCompilerABI.cpp.o  -o cmTC_844a8   
Apple LLVM version 8.0.0 (clang-800.0.38)
Target: x86_64-apple-darwin15.6.0
Thread model: posix
InstalledDir: /Applications/Xcode.app/Contents/Developer/Toolchains/XcodeDefault.xctoolchain/usr/bin
 "/Applications/Xcode.app/Contents/Developer/Toolchains/XcodeDefault.xctoolchain/usr/bin/ld" -demangle -dynamic -arch x86_64 -macosx_version_min 10.11.0 -o cmTC_844a8 -search_paths_first -headerpad_max_install_names -v CMakeFiles/cmTC_844a8.dir/CMakeCXXCompilerABI.cpp.o -L/opt/intel//compilers_and_libraries_2016.3.170/mac/ipp/lib -L/opt/intel//compilers_and_libraries_2016.3.170/mac/compiler/lib -L/opt/intel//compilers_and_libraries_2016.3.170/mac/mkl/lib -L/opt/intel//compilers_and_libraries_2016.3.170/mac/tbb/lib -L/opt/intel//compilers_and_libraries_2016.3.170/mac/daal/lib -L/opt/intel//compilers_and_libraries_2016.3.170/mac/daal/../tbb/lib -L/opt/intel//compilers_and_libraries_2016.3.170/mac/daal/../compiler/lib -lc++ -lSystem /Applications/Xcode.app/Contents/Developer/Toolchains/XcodeDefault.xctoolchain/usr/bin/../lib/clang/8.0.0/lib/darwin/libclang_rt.osx.a
@(#)PROGRAM:ld  PROJECT:ld64-274.1
configured to support archs: armv6 armv7 armv7s arm64 i386 x86_64 x86_64h armv6m armv7k armv7m armv7em (tvOS)
Library search paths:
	/opt/intel//compilers_and_libraries_2016.3.170/mac/ipp/lib
	/opt/intel//compilers_and_libraries_2016.3.170/mac/compiler/lib
	/opt/intel//compilers_and_libraries_2016.3.170/mac/mkl/lib
	/opt/intel//compilers_and_libraries_2016.3.170/mac/tbb/lib
	/opt/intel//compilers_and_libraries_2016.3.170/mac/daal/lib
	/opt/intel/compilers_and_libraries_2016.3.170/mac/tbb/lib
	/opt/intel/compilers_and_libraries_2016.3.170/mac/compiler/lib
	/usr/lib
	/usr/local/lib
Framework search paths:
	/Library/Frameworks/
	/System/Library/Frameworks/


Parsed CXX implicit link information from above output:
  link line regex: [^( *|.*[/\])(ld|([^/\]+-)?ld|collect2)[^/\]*( |$)]
  ignore line: [Change Dir: /Users/wakatsuki/GoogleDrive/othello/build/CMakeFiles/CMakeTmp]
  ignore line: []
  ignore line: [Run Build Command:"/usr/bin/make" "cmTC_844a8/fast"]
  ignore line: [/Applications/Xcode.app/Contents/Developer/usr/bin/make -f CMakeFiles/cmTC_844a8.dir/build.make CMakeFiles/cmTC_844a8.dir/build]
  ignore line: [Building CXX object CMakeFiles/cmTC_844a8.dir/CMakeCXXCompilerABI.cpp.o]
  ignore line: [/Applications/Xcode.app/Contents/Developer/Toolchains/XcodeDefault.xctoolchain/usr/bin/c++      -o CMakeFiles/cmTC_844a8.dir/CMakeCXXCompilerABI.cpp.o -c /usr/local/Cellar/cmake/3.6.2/share/cmake/Modules/CMakeCXXCompilerABI.cpp]
  ignore line: [Linking CXX executable cmTC_844a8]
  ignore line: [/usr/local/Cellar/cmake/3.6.2/bin/cmake -E cmake_link_script CMakeFiles/cmTC_844a8.dir/link.txt --verbose=1]
  ignore line: [/Applications/Xcode.app/Contents/Developer/Toolchains/XcodeDefault.xctoolchain/usr/bin/c++     -Wl,-search_paths_first -Wl,-headerpad_max_install_names  -v -Wl,-v CMakeFiles/cmTC_844a8.dir/CMakeCXXCompilerABI.cpp.o  -o cmTC_844a8   ]
  ignore line: [Apple LLVM version 8.0.0 (clang-800.0.38)]
  ignore line: [Target: x86_64-apple-darwin15.6.0]
  ignore line: [Thread model: posix]
  ignore line: [InstalledDir: /Applications/Xcode.app/Contents/Developer/Toolchains/XcodeDefault.xctoolchain/usr/bin]
  link line: [ "/Applications/Xcode.app/Contents/Developer/Toolchains/XcodeDefault.xctoolchain/usr/bin/ld" -demangle -dynamic -arch x86_64 -macosx_version_min 10.11.0 -o cmTC_844a8 -search_paths_first -headerpad_max_install_names -v CMakeFiles/cmTC_844a8.dir/CMakeCXXCompilerABI.cpp.o -L/opt/intel//compilers_and_libraries_2016.3.170/mac/ipp/lib -L/opt/intel//compilers_and_libraries_2016.3.170/mac/compiler/lib -L/opt/intel//compilers_and_libraries_2016.3.170/mac/mkl/lib -L/opt/intel//compilers_and_libraries_2016.3.170/mac/tbb/lib -L/opt/intel//compilers_and_libraries_2016.3.170/mac/daal/lib -L/opt/intel//compilers_and_libraries_2016.3.170/mac/daal/../tbb/lib -L/opt/intel//compilers_and_libraries_2016.3.170/mac/daal/../compiler/lib -lc++ -lSystem /Applications/Xcode.app/Contents/Developer/Toolchains/XcodeDefault.xctoolchain/usr/bin/../lib/clang/8.0.0/lib/darwin/libclang_rt.osx.a]
    arg [/Applications/Xcode.app/Contents/Developer/Toolchains/XcodeDefault.xctoolchain/usr/bin/ld] ==> ignore
    arg [-demangle] ==> ignore
    arg [-dynamic] ==> ignore
    arg [-arch] ==> ignore
    arg [x86_64] ==> ignore
    arg [-macosx_version_min] ==> ignore
    arg [10.11.0] ==> ignore
    arg [-o] ==> ignore
    arg [cmTC_844a8] ==> ignore
    arg [-search_paths_first] ==> ignore
    arg [-headerpad_max_install_names] ==> ignore
    arg [-v] ==> ignore
    arg [CMakeFiles/cmTC_844a8.dir/CMakeCXXCompilerABI.cpp.o] ==> ignore
    arg [-L/opt/intel//compilers_and_libraries_2016.3.170/mac/ipp/lib] ==> dir [/opt/intel//compilers_and_libraries_2016.3.170/mac/ipp/lib]
    arg [-L/opt/intel//compilers_and_libraries_2016.3.170/mac/compiler/lib] ==> dir [/opt/intel//compilers_and_libraries_2016.3.170/mac/compiler/lib]
    arg [-L/opt/intel//compilers_and_libraries_2016.3.170/mac/mkl/lib] ==> dir [/opt/intel//compilers_and_libraries_2016.3.170/mac/mkl/lib]
    arg [-L/opt/intel//compilers_and_libraries_2016.3.170/mac/tbb/lib] ==> dir [/opt/intel//compilers_and_libraries_2016.3.170/mac/tbb/lib]
    arg [-L/opt/intel//compilers_and_libraries_2016.3.170/mac/daal/lib] ==> dir [/opt/intel//compilers_and_libraries_2016.3.170/mac/daal/lib]
    arg [-L/opt/intel//compilers_and_libraries_2016.3.170/mac/daal/../tbb/lib] ==> dir [/opt/intel//compilers_and_libraries_2016.3.170/mac/daal/../tbb/lib]
    arg [-L/opt/intel//compilers_and_libraries_2016.3.170/mac/daal/../compiler/lib] ==> dir [/opt/intel//compilers_and_libraries_2016.3.170/mac/daal/../compiler/lib]
    arg [-lc++] ==> lib [c++]
    arg [-lSystem] ==> lib [System]
    arg [/Applications/Xcode.app/Contents/Developer/Toolchains/XcodeDefault.xctoolchain/usr/bin/../lib/clang/8.0.0/lib/darwin/libclang_rt.osx.a] ==> lib [/Applications/Xcode.app/Contents/Developer/Toolchains/XcodeDefault.xctoolchain/usr/bin/../lib/clang/8.0.0/lib/darwin/libclang_rt.osx.a]
  Library search paths: [;/opt/intel//compilers_and_libraries_2016.3.170/mac/ipp/lib;/opt/intel//compilers_and_libraries_2016.3.170/mac/compiler/lib;/opt/intel//compilers_and_libraries_2016.3.170/mac/mkl/lib;/opt/intel//compilers_and_libraries_2016.3.170/mac/tbb/lib;/opt/intel//compilers_and_libraries_2016.3.170/mac/daal/lib;/opt/intel/compilers_and_libraries_2016.3.170/mac/tbb/lib;/opt/intel/compilers_and_libraries_2016.3.170/mac/compiler/lib;/usr/lib;/usr/local/lib]
  Framework search paths: [;/Library/Frameworks/;/System/Library/Frameworks/]
  remove lib [System]
  collapse lib [/Applications/Xcode.app/Contents/Developer/Toolchains/XcodeDefault.xctoolchain/usr/bin/../lib/clang/8.0.0/lib/darwin/libclang_rt.osx.a] ==> [/Applications/Xcode.app/Contents/Developer/Toolchains/XcodeDefault.xctoolchain/usr/lib/clang/8.0.0/lib/darwin/libclang_rt.osx.a]
  collapse library dir [/opt/intel//compilers_and_libraries_2016.3.170/mac/ipp/lib] ==> [/opt/intel/compilers_and_libraries_2016.3.170/mac/ipp/lib]
  collapse library dir [/opt/intel//compilers_and_libraries_2016.3.170/mac/compiler/lib] ==> [/opt/intel/compilers_and_libraries_2016.3.170/mac/compiler/lib]
  collapse library dir [/opt/intel//compilers_and_libraries_2016.3.170/mac/mkl/lib] ==> [/opt/intel/compilers_and_libraries_2016.3.170/mac/mkl/lib]
  collapse library dir [/opt/intel//compilers_and_libraries_2016.3.170/mac/tbb/lib] ==> [/opt/intel/compilers_and_libraries_2016.3.170/mac/tbb/lib]
  collapse library dir [/opt/intel//compilers_and_libraries_2016.3.170/mac/daal/lib] ==> [/opt/intel/compilers_and_libraries_2016.3.170/mac/daal/lib]
  collapse library dir [/opt/intel//compilers_and_libraries_2016.3.170/mac/daal/../tbb/lib] ==> [/opt/intel/compilers_and_libraries_2016.3.170/mac/tbb/lib]
  collapse library dir [/opt/intel//compilers_and_libraries_2016.3.170/mac/daal/../compiler/lib] ==> [/opt/intel/compilers_and_libraries_2016.3.170/mac/compiler/lib]
  collapse library dir [/opt/intel//compilers_and_libraries_2016.3.170/mac/ipp/lib] ==> [/opt/intel/compilers_and_libraries_2016.3.170/mac/ipp/lib]
  collapse library dir [/opt/intel//compilers_and_libraries_2016.3.170/mac/compiler/lib] ==> [/opt/intel/compilers_and_libraries_2016.3.170/mac/compiler/lib]
  collapse library dir [/opt/intel//compilers_and_libraries_2016.3.170/mac/mkl/lib] ==> [/opt/intel/compilers_and_libraries_2016.3.170/mac/mkl/lib]
  collapse library dir [/opt/intel//compilers_and_libraries_2016.3.170/mac/tbb/lib] ==> [/opt/intel/compilers_and_libraries_2016.3.170/mac/tbb/lib]
  collapse library dir [/opt/intel//compilers_and_libraries_2016.3.170/mac/daal/lib] ==> [/opt/intel/compilers_and_libraries_2016.3.170/mac/daal/lib]
  collapse library dir [/opt/intel/compilers_and_libraries_2016.3.170/mac/tbb/lib] ==> [/opt/intel/compilers_and_libraries_2016.3.170/mac/tbb/lib]
  collapse library dir [/opt/intel/compilers_and_libraries_2016.3.170/mac/compiler/lib] ==> [/opt/intel/compilers_and_libraries_2016.3.170/mac/compiler/lib]
  collapse library dir [/usr/lib] ==> [/usr/lib]
  collapse library dir [/usr/local/lib] ==> [/usr/local/lib]
  collapse framework dir [/Library/Frameworks/] ==> [/Library/Frameworks]
  collapse framework dir [/System/Library/Frameworks/] ==> [/System/Library/Frameworks]
  implicit libs: [c++;/Applications/Xcode.app/Contents/Developer/Toolchains/XcodeDefault.xctoolchain/usr/lib/clang/8.0.0/lib/darwin/libclang_rt.osx.a]
  implicit dirs: [/opt/intel/compilers_and_libraries_2016.3.170/mac/ipp/lib;/opt/intel/compilers_and_libraries_2016.3.170/mac/compiler/lib;/opt/intel/compilers_and_libraries_2016.3.170/mac/mkl/lib;/opt/intel/compilers_and_libraries_2016.3.170/mac/tbb/lib;/opt/intel/compilers_and_libraries_2016.3.170/mac/daal/lib;/usr/lib;/usr/local/lib]
  implicit fwks: [/Library/Frameworks;/System/Library/Frameworks]




Detecting CXX [-std=c++14] compiler features compiled with the following output:
Change Dir: /Users/wakatsuki/GoogleDrive/othello/build/CMakeFiles/CMakeTmp

Run Build Command:"/usr/bin/make" "cmTC_d4fc9/fast"
/Applications/Xcode.app/Contents/Developer/usr/bin/make -f CMakeFiles/cmTC_d4fc9.dir/build.make CMakeFiles/cmTC_d4fc9.dir/build
Building CXX object CMakeFiles/cmTC_d4fc9.dir/feature_tests.cxx.o
/Applications/Xcode.app/Contents/Developer/Toolchains/XcodeDefault.xctoolchain/usr/bin/c++     -std=c++14 -o CMakeFiles/cmTC_d4fc9.dir/feature_tests.cxx.o -c /Users/wakatsuki/GoogleDrive/othello/build/CMakeFiles/feature_tests.cxx
Linking CXX executable cmTC_d4fc9
/usr/local/Cellar/cmake/3.6.2/bin/cmake -E cmake_link_script CMakeFiles/cmTC_d4fc9.dir/link.txt --verbose=1
/Applications/Xcode.app/Contents/Developer/Toolchains/XcodeDefault.xctoolchain/usr/bin/c++     -Wl,-search_paths_first -Wl,-headerpad_max_install_names   CMakeFiles/cmTC_d4fc9.dir/feature_tests.cxx.o  -o cmTC_d4fc9  


    Feature record: CXX_FEATURE:1cxx_aggregate_default_initializers
    Feature record: CXX_FEATURE:1cxx_alias_templates
    Feature record: CXX_FEATURE:1cxx_alignas
    Feature record: CXX_FEATURE:1cxx_alignof
    Feature record: CXX_FEATURE:1cxx_attributes
    Feature record: CXX_FEATURE:1cxx_attribute_deprecated
    Feature record: CXX_FEATURE:1cxx_auto_type
    Feature record: CXX_FEATURE:1cxx_binary_literals
    Feature record: CXX_FEATURE:1cxx_constexpr
    Feature record: CXX_FEATURE:1cxx_contextual_conversions
    Feature record: CXX_FEATURE:1cxx_decltype
    Feature record: CXX_FEATURE:1cxx_decltype_auto
    Feature record: CXX_FEATURE:1cxx_decltype_incomplete_return_types
    Feature record: CXX_FEATURE:1cxx_default_function_template_args
    Feature record: CXX_FEATURE:1cxx_defaulted_functions
    Feature record: CXX_FEATURE:1cxx_defaulted_move_initializers
    Feature record: CXX_FEATURE:1cxx_delegating_constructors
    Feature record: CXX_FEATURE:1cxx_deleted_functions
    Feature record: CXX_FEATURE:1cxx_digit_separators
    Feature record: CXX_FEATURE:1cxx_enum_forward_declarations
    Feature record: CXX_FEATURE:1cxx_explicit_conversions
    Feature record: CXX_FEATURE:1cxx_extended_friend_declarations
    Feature record: CXX_FEATURE:1cxx_extern_templates
    Feature record: CXX_FEATURE:1cxx_final
    Feature record: CXX_FEATURE:1cxx_func_identifier
    Feature record: CXX_FEATURE:1cxx_generalized_initializers
    Feature record: CXX_FEATURE:1cxx_generic_lambdas
    Feature record: CXX_FEATURE:1cxx_inheriting_constructors
    Feature record: CXX_FEATURE:1cxx_inline_namespaces
    Feature record: CXX_FEATURE:1cxx_lambdas
    Feature record: CXX_FEATURE:1cxx_lambda_init_captures
    Feature record: CXX_FEATURE:1cxx_local_type_template_args
    Feature record: CXX_FEATURE:1cxx_long_long_type
    Feature record: CXX_FEATURE:1cxx_noexcept
    Feature record: CXX_FEATURE:1cxx_nonstatic_member_init
    Feature record: CXX_FEATURE:1cxx_nullptr
    Feature record: CXX_FEATURE:1cxx_override
    Feature record: CXX_FEATURE:1cxx_range_for
    Feature record: CXX_FEATURE:1cxx_raw_string_literals
    Feature record: CXX_FEATURE:1cxx_reference_qualified_functions
    Feature record: CXX_FEATURE:1cxx_relaxed_constexpr
    Feature record: CXX_FEATURE:1cxx_return_type_deduction
    Feature record: CXX_FEATURE:1cxx_right_angle_brackets
    Feature record: CXX_FEATURE:1cxx_rvalue_references
    Feature record: CXX_FEATURE:1cxx_sizeof_member
    Feature record: CXX_FEATURE:1cxx_static_assert
    Feature record: CXX_FEATURE:1cxx_strong_enums
    Feature record: CXX_FEATURE:1cxx_template_template_parameters
    Feature record: CXX_FEATURE:1cxx_thread_local
    Feature record: CXX_FEATURE:1cxx_trailing_return_types
    Feature record: CXX_FEATURE:1cxx_unicode_literals
    Feature record: CXX_FEATURE:1cxx_uniform_initialization
    Feature record: CXX_FEATURE:1cxx_unrestricted_unions
    Feature record: CXX_FEATURE:1cxx_user_literals
    Feature record: CXX_FEATURE:1cxx_variable_templates
    Feature record: CXX_FEATURE:1cxx_variadic_macros
    Feature record: CXX_FEATURE:1cxx_variadic_templates


Detecting CXX [-std=c++11] compiler features compiled with the following output:
Change Dir: /Users/wakatsuki/GoogleDrive/othello/build/CMakeFiles/CMakeTmp

Run Build Command:"/usr/bin/make" "cmTC_4a858/fast"
/Applications/Xcode.app/Contents/Developer/usr/bin/make -f CMakeFiles/cmTC_4a858.dir/build.make CMakeFiles/cmTC_4a858.dir/build
Building CXX object CMakeFiles/cmTC_4a858.dir/feature_tests.cxx.o
/Applications/Xcode.app/Contents/Developer/Toolchains/XcodeDefault.xctoolchain/usr/bin/c++     -std=c++11 -o CMakeFiles/cmTC_4a858.dir/feature_tests.cxx.o -c /Users/wakatsuki/GoogleDrive/othello/build/CMakeFiles/feature_tests.cxx
Linking CXX executable cmTC_4a858
/usr/local/Cellar/cmake/3.6.2/bin/cmake -E cmake_link_script CMakeFiles/cmTC_4a858.dir/link.txt --verbose=1
/Applications/Xcode.app/Contents/Developer/Toolchains/XcodeDefault.xctoolchain/usr/bin/c++     -Wl,-search_paths_first -Wl,-headerpad_max_install_names   CMakeFiles/cmTC_4a858.dir/feature_tests.cxx.o  -o cmTC_4a858  


    Feature record: CXX_FEATURE:0cxx_aggregate_default_initializers
    Feature record: CXX_FEATURE:1cxx_alias_templates
    Feature record: CXX_FEATURE:1cxx_alignas
    Feature record: CXX_FEATURE:1cxx_alignof
    Feature record: CXX_FEATURE:1cxx_attributes
    Feature record: CXX_FEATURE:0cxx_attribute_deprecated
    Feature record: CXX_FEATURE:1cxx_auto_type
    Feature record: CXX_FEATURE:0cxx_binary_literals
    Feature record: CXX_FEATURE:1cxx_constexpr
    Feature record: CXX_FEATURE:0cxx_contextual_conversions
    Feature record: CXX_FEATURE:1cxx_decltype
    Feature record: CXX_FEATURE:0cxx_decltype_auto
    Feature record: CXX_FEATURE:1cxx_decltype_incomplete_return_types
    Feature record: CXX_FEATURE:1cxx_default_function_template_args
    Feature record: CXX_FEATURE:1cxx_defaulted_functions
    Feature record: CXX_FEATURE:1cxx_defaulted_move_initializers
    Feature record: CXX_FEATURE:1cxx_delegating_constructors
    Feature record: CXX_FEATURE:1cxx_deleted_functions
    Feature record: CXX_FEATURE:0cxx_digit_separators
    Feature record: CXX_FEATURE:1cxx_enum_forward_declarations
    Feature record: CXX_FEATURE:1cxx_explicit_conversions
    Feature record: CXX_FEATURE:1cxx_extended_friend_declarations
    Feature record: CXX_FEATURE:1cxx_extern_templates
    Feature record: CXX_FEATURE:1cxx_final
    Feature record: CXX_FEATURE:1cxx_func_identifier
    Feature record: CXX_FEATURE:1cxx_generalized_initializers
    Feature record: CXX_FEATURE:0cxx_generic_lambdas
    Feature record: CXX_FEATURE:1cxx_inheriting_constructors
    Feature record: CXX_FEATURE:1cxx_inline_namespaces
    Feature record: CXX_FEATURE:1cxx_lambdas
    Feature record: CXX_FEATURE:0cxx_lambda_init_captures
    Feature record: CXX_FEATURE:1cxx_local_type_template_args
    Feature record: CXX_FEATURE:1cxx_long_long_type
    Feature record: CXX_FEATURE:1cxx_noexcept
    Feature record: CXX_FEATURE:1cxx_nonstatic_member_init
    Feature record: CXX_FEATURE:1cxx_nullptr
    Feature record: CXX_FEATURE:1cxx_override
    Feature record: CXX_FEATURE:1cxx_range_for
    Feature record: CXX_FEATURE:1cxx_raw_string_literals
    Feature record: CXX_FEATURE:1cxx_reference_qualified_functions
    Feature record: CXX_FEATURE:0cxx_relaxed_constexpr
    Feature record: CXX_FEATURE:0cxx_return_type_deduction
    Feature record: CXX_FEATURE:1cxx_right_angle_brackets
    Feature record: CXX_FEATURE:1cxx_rvalue_references
    Feature record: CXX_FEATURE:1cxx_sizeof_member
    Feature record: CXX_FEATURE:1cxx_static_assert
    Feature record: CXX_FEATURE:1cxx_strong_enums
    Feature record: CXX_FEATURE:1cxx_template_template_parameters
    Feature record: CXX_FEATURE:1cxx_thread_local
    Feature record: CXX_FEATURE:1cxx_trailing_return_types
    Feature record: CXX_FEATURE:1cxx_unicode_literals
    Feature record: CXX_FEATURE:1cxx_uniform_initialization
    Feature record: CXX_FEATURE:1cxx_unrestricted_unions
    Feature record: CXX_FEATURE:1cxx_user_literals
    Feature record: CXX_FEATURE:0cxx_variable_templates
    Feature record: CXX_FEATURE:1cxx_variadic_macros
    Feature record: CXX_FEATURE:1cxx_variadic_templates


Detecting CXX [-std=c++98] compiler features compiled with the following output:
Change Dir: /Users/wakatsuki/GoogleDrive/othello/build/CMakeFiles/CMakeTmp

Run Build Command:"/usr/bin/make" "cmTC_91ab5/fast"
/Applications/Xcode.app/Contents/Developer/usr/bin/make -f CMakeFiles/cmTC_91ab5.dir/build.make CMakeFiles/cmTC_91ab5.dir/build
Building CXX object CMakeFiles/cmTC_91ab5.dir/feature_tests.cxx.o
/Applications/Xcode.app/Contents/Developer/Toolchains/XcodeDefault.xctoolchain/usr/bin/c++     -std=c++98 -o CMakeFiles/cmTC_91ab5.dir/feature_tests.cxx.o -c /Users/wakatsuki/GoogleDrive/othello/build/CMakeFiles/feature_tests.cxx
Linking CXX executable cmTC_91ab5
/usr/local/Cellar/cmake/3.6.2/bin/cmake -E cmake_link_script CMakeFiles/cmTC_91ab5.dir/link.txt --verbose=1
/Applications/Xcode.app/Contents/Developer/Toolchains/XcodeDefault.xctoolchain/usr/bin/c++     -Wl,-search_paths_first -Wl,-headerpad_max_install_names   CMakeFiles/cmTC_91ab5.dir/feature_tests.cxx.o  -o cmTC_91ab5  


    Feature record: CXX_FEATURE:0cxx_aggregate_default_initializers
    Feature record: CXX_FEATURE:0cxx_alias_templates
    Feature record: CXX_FEATURE:0cxx_alignas
    Feature record: CXX_FEATURE:0cxx_alignof
    Feature record: CXX_FEATURE:0cxx_attributes
    Feature record: CXX_FEATURE:0cxx_attribute_deprecated
    Feature record: CXX_FEATURE:0cxx_auto_type
    Feature record: CXX_FEATURE:0cxx_binary_literals
    Feature record: CXX_FEATURE:0cxx_constexpr
    Feature record: CXX_FEATURE:0cxx_contextual_conversions
    Feature record: CXX_FEATURE:0cxx_decltype
    Feature record: CXX_FEATURE:0cxx_decltype_auto
    Feature record: CXX_FEATURE:0cxx_decltype_incomplete_return_types
    Feature record: CXX_FEATURE:0cxx_default_function_template_args
    Feature record: CXX_FEATURE:0cxx_defaulted_functions
    Feature record: CXX_FEATURE:0cxx_defaulted_move_initializers
    Feature record: CXX_FEATURE:0cxx_delegating_constructors
    Feature record: CXX_FEATURE:0cxx_deleted_functions
    Feature record: CXX_FEATURE:0cxx_digit_separators
    Feature record: CXX_FEATURE:0cxx_enum_forward_declarations
    Feature record: CXX_FEATURE:0cxx_explicit_conversions
    Feature record: CXX_FEATURE:0cxx_extended_friend_declarations
    Feature record: CXX_FEATURE:0cxx_extern_templates
    Feature record: CXX_FEATURE:0cxx_final
    Feature record: CXX_FEATURE:0cxx_func_identifier
    Feature record: CXX_FEATURE:0cxx_generalized_initializers
    Feature record: CXX_FEATURE:0cxx_generic_lambdas
    Feature record: CXX_FEATURE:0cxx_inheriting_constructors
    Feature record: CXX_FEATURE:0cxx_inline_namespaces
    Feature record: CXX_FEATURE:0cxx_lambdas
    Feature record: CXX_FEATURE:0cxx_lambda_init_captures
    Feature record: CXX_FEATURE:0cxx_local_type_template_args
    Feature record: CXX_FEATURE:0cxx_long_long_type
    Feature record: CXX_FEATURE:0cxx_noexcept
    Feature record: CXX_FEATURE:0cxx_nonstatic_member_init
    Feature record: CXX_FEATURE:0cxx_nullptr
    Feature record: CXX_FEATURE:0cxx_override
    Feature record: CXX_FEATURE:0cxx_range_for
    Feature record: CXX_FEATURE:0cxx_raw_string_literals
    Feature record: CXX_FEATURE:0cxx_reference_qualified_functions
    Feature record: CXX_FEATURE:0cxx_relaxed_constexpr
    Feature record: CXX_FEATURE:0cxx_return_type_deduction
    Feature record: CXX_FEATURE:0cxx_right_angle_brackets
    Feature record: CXX_FEATURE:0cxx_rvalue_references
    Feature record: CXX_FEATURE:0cxx_sizeof_member
    Feature record: CXX_FEATURE:0cxx_static_assert
    Feature record: CXX_FEATURE:0cxx_strong_enums
    Feature record: CXX_FEATURE:1cxx_template_template_parameters
    Feature record: CXX_FEATURE:0cxx_thread_local
    Feature record: CXX_FEATURE:0cxx_trailing_return_types
    Feature record: CXX_FEATURE:0cxx_unicode_literals
    Feature record: CXX_FEATURE:0cxx_uniform_initialization
    Feature record: CXX_FEATURE:0cxx_unrestricted_unions
    Feature record: CXX_FEATURE:0cxx_user_literals
    Feature record: CXX_FEATURE:0cxx_variable_templates
    Feature record: CXX_FEATURE:0cxx_variadic_macros
    Feature record: CXX_FEATURE:0cxx_variadic_templates
